[    0.000000] Initializing cgroup subsys cpuset
[    0.000000] Initializing cgroup subsys cpu
[    0.000000] Initializing cgroup subsys cpuacct
[    0.000000] Linux version 4.4.0-210-generic (buildd@lgw01-amd64-009) (gcc version 5.4.0 20160609 (Ubuntu 5.4.0-6ubuntu1~16.04.12) ) #242-Ubuntu SMP Fri Apr 16 09:57:56 UTC 2021 (Ubuntu 4.4.0-210.242-generic 4.4.262)
[    0.000000] Command line: BOOT_IMAGE=/boot/vmlinuz-4.4.0-210-generic root=LABEL=cloudimg-rootfs ro console=tty1 console=ttyS0
[    0.000000] KERNEL supported cpus:
[    0.000000]   Intel GenuineIntel
[    0.000000]   AMD AuthenticAMD
[    0.000000]   Centaur CentaurHauls
[    0.000000] x86/fpu: xstate_offset[2]:  576, xstate_sizes[2]:  256
[    0.000000] x86/fpu: Supporting XSAVE feature 0x01: 'x87 floating point registers'
[    0.000000] x86/fpu: Supporting XSAVE feature 0x02: 'SSE registers'
[    0.000000] x86/fpu: Supporting XSAVE feature 0x04: 'AVX registers'
[    0.000000] x86/fpu: Enabled xstate features 0x7, context size is 832 bytes, using 'standard' format.
[    0.000000] e820: BIOS-provided physical RAM map:
[    0.000000] BIOS-e820: [mem 0x0000000000000000-0x000000000009fbff] usable
[    0.000000] BIOS-e820: [mem 0x000000000009fc00-0x000000000009ffff] reserved
[    0.000000] BIOS-e820: [mem 0x00000000000f0000-0x00000000000fffff] reserved
[    0.000000] BIOS-e820: [mem 0x0000000000100000-0x000000003ffeffff] usable
[    0.000000] BIOS-e820: [mem 0x000000003fff0000-0x000000003fffffff] ACPI data
[    0.000000] BIOS-e820: [mem 0x00000000fec00000-0x00000000fec00fff] reserved
[    0.000000] BIOS-e820: [mem 0x00000000fee00000-0x00000000fee00fff] reserved
[    0.000000] BIOS-e820: [mem 0x00000000fffc0000-0x00000000ffffffff] reserved
[    0.000000] NX (Execute Disable) protection: active
[    0.000000] SMBIOS 2.5 present.
[    0.000000] Hypervisor detected: KVM
[    0.000000] e820: last_pfn = 0x3fff0 max_arch_pfn = 0x400000000
[    0.000000] MTRR: Disabled
[    0.000000] x86/PAT: MTRRs disabled, skipping PAT initialization too.
[    0.000000] CPU MTRRs all blank - virtualized system.
[    0.000000] x86/PAT: Configuration [0-7]: WB  WT  UC- UC  WB  WT  UC- UC  
[    0.000000] found SMP MP-table at [mem 0x0009fff0-0x0009ffff] mapped at [ffff88000009fff0]
[    0.000000] Scanning 1 areas for low memory corruption
[    0.000000] RAMDISK: [mem 0x362dc000-0x37165fff]
[    0.000000] ACPI: Early table checksum verification disabled
[    0.000000] ACPI: RSDP 0x00000000000E0000 000024 (v02 VBOX  )
[    0.000000] ACPI: XSDT 0x000000003FFF0030 00003C (v01 VBOX   VBOXXSDT 00000001 ASL  00000061)
[    0.000000] ACPI: FACP 0x000000003FFF00F0 0000F4 (v04 VBOX   VBOXFACP 00000001 ASL  00000061)
[    0.000000] ACPI: DSDT 0x000000003FFF0470 0022EA (v02 VBOX   VBOXBIOS 00000002 INTL 20100528)
[    0.000000] ACPI: FACS 0x000000003FFF0200 000040
[    0.000000] ACPI: FACS 0x000000003FFF0200 000040
[    0.000000] ACPI: APIC 0x000000003FFF0240 00005C (v02 VBOX   VBOXAPIC 00000001 ASL  00000061)
[    0.000000] ACPI: SSDT 0x000000003FFF02A0 0001CC (v01 VBOX   VBOXCPUT 00000002 INTL 20100528)
[    0.000000] No NUMA configuration found
[    0.000000] Faking a node at [mem 0x0000000000000000-0x000000003ffeffff]
[    0.000000] NODE_DATA(0) allocated [mem 0x3ffeb000-0x3ffeffff]
[    0.000000] kvm-clock: Using msrs 4b564d01 and 4b564d00
[    0.000000] kvm-clock: cpu 0, msr 0:3ffe3001, primary cpu clock
[    0.000000] kvm-clock: using sched offset of 5131886437 cycles
[    0.000000] clocksource: kvm-clock: mask: 0xffffffffffffffff max_cycles: 0x1cd42e4dffb, max_idle_ns: 881590591483 ns
[    0.000000] Zone ranges:
[    0.000000]   DMA      [mem 0x0000000000001000-0x0000000000ffffff]
[    0.000000]   DMA32    [mem 0x0000000001000000-0x000000003ffeffff]
[    0.000000]   Normal   empty
[    0.000000]   Device   empty
[    0.000000] Movable zone start for each node
[    0.000000] Early memory node ranges
[    0.000000]   node   0: [mem 0x0000000000001000-0x000000000009efff]
[    0.000000]   node   0: [mem 0x0000000000100000-0x000000003ffeffff]
[    0.000000] Initmem setup node 0 [mem 0x0000000000001000-0x000000003ffeffff]
[    0.000000] ACPI: PM-Timer IO Port: 0x4008
[    0.000000] IOAPIC[0]: apic_id 2, version 32, address 0xfec00000, GSI 0-23
[    0.000000] ACPI: INT_SRC_OVR (bus 0 bus_irq 0 global_irq 2 dfl dfl)
[    0.000000] ACPI: INT_SRC_OVR (bus 0 bus_irq 9 global_irq 9 low level)
[    0.000000] Using ACPI (MADT) for SMP configuration information
[    0.000000] smpboot: Allowing 2 CPUs, 0 hotplug CPUs
[    0.000000] PM: Registered nosave memory: [mem 0x00000000-0x00000fff]
[    0.000000] PM: Registered nosave memory: [mem 0x0009f000-0x0009ffff]
[    0.000000] PM: Registered nosave memory: [mem 0x000a0000-0x000effff]
[    0.000000] PM: Registered nosave memory: [mem 0x000f0000-0x000fffff]
[    0.000000] e820: [mem 0x40000000-0xfebfffff] available for PCI devices
[    0.000000] Booting paravirtualized kernel on KVM
[    0.000000] clocksource: refined-jiffies: mask: 0xffffffff max_cycles: 0xffffffff, max_idle_ns: 7645519600211568 ns
[    0.000000] setup_percpu: NR_CPUS:512 nr_cpumask_bits:512 nr_cpu_ids:2 nr_node_ids:1
[    0.000000] PERCPU: Embedded 33 pages/cpu @ffff88003fc00000 s95192 r8192 d31784 u1048576
[    0.000000] Built 1 zonelists in Node order, mobility grouping on.  Total pages: 257912
[    0.000000] Policy zone: DMA32
[    0.000000] Kernel command line: BOOT_IMAGE=/boot/vmlinuz-4.4.0-210-generic root=LABEL=cloudimg-rootfs ro console=tty1 console=ttyS0
[    0.000000] PID hash table entries: 4096 (order: 3, 32768 bytes)
[    0.000000] Memory: 997792K/1048120K available (8644K kernel code, 1332K rwdata, 4044K rodata, 1492K init, 1164K bss, 50328K reserved, 0K cma-reserved)
[    0.000000] SLUB: HWalign=64, Order=0-3, MinObjects=0, CPUs=2, Nodes=1
[    0.000000] Kernel/User page tables isolation: enabled
[    0.000000] Hierarchical RCU implementation.
[    0.000000] 	Build-time adjustment of leaf fanout to 64.
[    0.000000] 	RCU restricting CPUs from NR_CPUS=512 to nr_cpu_ids=2.
[    0.000000] RCU: Adjusting geometry for rcu_fanout_leaf=64, nr_cpu_ids=2
[    0.000000] NR_IRQS:33024 nr_irqs:440 16
[    0.000000] Console: colour VGA+ 80x25
[    0.000000] console [tty1] enabled
[    0.000000] console [ttyS0] enabled
[    0.000000] tsc: Detected 2594.126 MHz processor
[    0.602081] Calibrating delay loop (skipped) preset value.. 5188.25 BogoMIPS (lpj=10376504)
[    0.610822] pid_max: default: 32768 minimum: 301
[    0.614836] ACPI: Core revision 20150930
[    0.621508] ACPI: 2 ACPI AML tables successfully acquired and loaded
[    0.628911] Security Framework initialized
[    0.632376] Yama: becoming mindful.
[    0.634731] AppArmor: AppArmor initialized
[    0.637666] Dentry cache hash table entries: 131072 (order: 8, 1048576 bytes)
[    0.643953] Inode-cache hash table entries: 65536 (order: 7, 524288 bytes)
[    0.647460] Mount-cache hash table entries: 2048 (order: 2, 16384 bytes)
[    0.650468] Mountpoint-cache hash table entries: 2048 (order: 2, 16384 bytes)
[    0.655251] Initializing cgroup subsys io
[    0.657768] Initializing cgroup subsys memory
[    0.662251] Initializing cgroup subsys devices
[    0.665043] Initializing cgroup subsys freezer
[    0.667091] Initializing cgroup subsys net_cls
[    0.670021] Initializing cgroup subsys perf_event
[    0.673326] Initializing cgroup subsys net_prio
[    0.679241] Initializing cgroup subsys hugetlb
[    0.682271] Initializing cgroup subsys pids
[    0.685061] mce: CPU supports 0 MCE banks
[    0.686972] Last level iTLB entries: 4KB 512, 2MB 8, 4MB 8
[    0.690013] Last level dTLB entries: 4KB 512, 2MB 32, 4MB 32, 1GB 0
[    0.695965] Spectre V1 : Mitigation: usercopy/swapgs barriers and __user pointer sanitization
[    0.700467] Spectre V2 : Mitigation: Full generic retpoline
[    0.703305] Spectre V2 : Spectre v2 / SpectreRSB mitigation: Filling RSB on context switch
[    0.710132] Speculative Store Bypass: Vulnerable
[    0.714274] SRBDS: Unknown: Dependent on hypervisor status
[    0.717397] MDS: Mitigation: Clear CPU buffers
[    0.731004] Freeing SMP alternatives memory: 36K
[    0.757616] ftrace: allocating 32380 entries in 127 pages
[    0.931261] smpboot: APIC(0) Converting physical 0 to logical package 0
[    0.935620] smpboot: Max logical packages: 1
[    0.939858] x2apic enabled
[    0.944436] Switched APIC routing to physical x2apic.
[    0.951478] ..TIMER: vector=0x30 apic1=0 pin1=2 apic2=-1 pin2=-1
[    1.069901] smpboot: CPU0: Intel(R) Core(TM) i5-3320M CPU @ 2.60GHz (family: 0x6, model: 0x3a, stepping: 0x9)
[    1.085399] Performance Events: unsupported p6 CPU model 58 no PMU driver, software events only.
[    1.128258] KVM setup paravirtual spinlock
[    1.134523] x86: Booting SMP configuration:
[    1.137098] .... node  #0, CPUs:      #1
[    1.139477] kvm-clock: cpu 1, msr 0:3ffe3041, secondary cpu clock
[    1.145858] mce: CPU supports 0 MCE banks
[    1.151620] x86: Booted up 1 node, 2 CPUs
[    1.156502] smpboot: Total of 2 processors activated (10376.50 BogoMIPS)
[    1.162607] devtmpfs: initialized
[    1.185066] evm: security.selinux
[    1.187351] evm: security.SMACK64
[    1.189591] evm: security.SMACK64EXEC
[    1.195498] evm: security.SMACK64TRANSMUTE
[    1.198334] evm: security.SMACK64MMAP
[    1.201591] evm: security.ima
[    1.204543] evm: security.capability
[    1.211240] clocksource: jiffies: mask: 0xffffffff max_cycles: 0xffffffff, max_idle_ns: 7645041785100000 ns
[    1.216502] futex hash table entries: 512 (order: 3, 32768 bytes)
[    1.220744] pinctrl core: initialized pinctrl subsystem
[    1.223989] RTC time: 13:19:20, date: 05/31/22
[    1.232217] NET: Registered protocol family 16
[    1.247800] cpuidle: using governor ladder
[    1.260564] cpuidle: using governor menu
[    1.263820] PCCT header not found.
[    1.266396] ACPI: bus type PCI registered
[    1.269273] acpiphp: ACPI Hot Plug PCI Controller Driver version: 0.5
[    1.273907] PCI: Using configuration type 1 for base access
[    1.294123] ACPI: Added _OSI(Module Device)
[    1.296632] ACPI: Added _OSI(Processor Device)
[    1.298945] ACPI: Added _OSI(3.0 _SCP Extensions)
[    1.301821] ACPI: Added _OSI(Processor Aggregator Device)
[    1.306365] ACPI: Executed 1 blocks of module-level executable AML code
[    1.321556] ACPI: Interpreter enabled
[    1.326618] ACPI: (supports S0 S5)
[    1.328459] ACPI: Using IOAPIC for interrupt routing
[    1.331371] PCI: Using host bridge windows from ACPI; if necessary, use "pci=nocrs" and report a bug
[    1.349321] ACPI: PCI Root Bridge [PCI0] (domain 0000 [bus 00-ff])
[    1.354260] acpi PNP0A03:00: _OSC: OS supports [ASPM ClockPM Segments MSI]
[    1.363729] acpi PNP0A03:00: _OSC: not requesting OS control; OS requires [ExtendedConfig ASPM ClockPM MSI]
[    1.370323] acpi PNP0A03:00: fail to add MMCONFIG information, can't access extended PCI configuration space under this bridge.
[    1.380651] PCI host bridge to bus 0000:00
[    1.383292] pci_bus 0000:00: root bus resource [io  0x0000-0x0cf7 window]
[    1.387097] pci_bus 0000:00: root bus resource [io  0x0d00-0xffff window]
[    1.392978] pci_bus 0000:00: root bus resource [mem 0x000a0000-0x000bffff window]
[    1.399153] pci_bus 0000:00: root bus resource [mem 0x40000000-0xfdffffff window]
[    1.414280] pci_bus 0000:00: root bus resource [bus 00-ff]
[    1.428953] pci 0000:00:01.1: legacy IDE quirk: reg 0x10: [io  0x01f0-0x01f7]
[    1.435258] pci 0000:00:01.1: legacy IDE quirk: reg 0x14: [io  0x03f6]
[    1.442374] pci 0000:00:01.1: legacy IDE quirk: reg 0x18: [io  0x0170-0x0177]
[    1.512808] pci 0000:00:01.1: legacy IDE quirk: reg 0x1c: [io  0x0376]
[    1.551821] pci 0000:00:07.0: quirk: [io  0x4000-0x403f] claimed by PIIX4 ACPI
[    1.561760] pci 0000:00:07.0: quirk: [io  0x4100-0x410f] claimed by PIIX4 SMB
[    1.588315] ACPI: PCI Interrupt Link [LNKA] (IRQs 5 9 10 *11)
[    1.593473] ACPI: PCI Interrupt Link [LNKB] (IRQs 5 9 *10 11)
[    1.597414] ACPI: PCI Interrupt Link [LNKC] (IRQs 5 *9 10 11)
[    1.601820] ACPI: PCI Interrupt Link [LNKD] (IRQs 5 9 10 *11)
[    1.606641] ACPI: Enabled 2 GPEs in block 00 to 07
[    1.612092] vgaarb: setting as boot device: PCI:0000:00:02.0
[    1.616242] vgaarb: device added: PCI:0000:00:02.0,decodes=io+mem,owns=io+mem,locks=none
[    1.621175] vgaarb: loaded
[    1.624078] vgaarb: bridge control possible 0000:00:02.0
[    1.627341] SCSI subsystem initialized
[    1.629692] ACPI: bus type USB registered
[    1.631858] usbcore: registered new interface driver usbfs
[    1.634794] usbcore: registered new interface driver hub
[    1.637580] usbcore: registered new device driver usb
[    1.642845] PCI: Using ACPI for IRQ routing
[    1.647648] NetLabel: Initializing
[    1.649936] NetLabel:  domain hash size = 128
[    1.652715] NetLabel:  protocols = UNLABELED CIPSOv4
[    1.655351] NetLabel:  unlabeled traffic allowed by default
[    1.659478] amd_nb: Cannot enumerate AMD northbridges
[    1.662520] clocksource: Switched to clocksource kvm-clock
[    1.687214] AppArmor: AppArmor Filesystem Enabled
[    1.689735] pnp: PnP ACPI init
[    1.694360] pnp: PnP ACPI: found 3 devices
[    1.713422] clocksource: acpi_pm: mask: 0xffffff max_cycles: 0xffffff, max_idle_ns: 2085701024 ns
[    1.719627] NET: Registered protocol family 2
[    1.726545] TCP established hash table entries: 8192 (order: 4, 65536 bytes)
[    1.729915] TCP bind hash table entries: 8192 (order: 5, 131072 bytes)
[    1.734276] TCP: Hash tables configured (established 8192 bind 8192)
[    1.736944] UDP hash table entries: 512 (order: 2, 16384 bytes)
[    1.741193] UDP-Lite hash table entries: 512 (order: 2, 16384 bytes)
[    1.745187] NET: Registered protocol family 1
[    1.748312] pci 0000:00:00.0: Limiting direct PCI/PCI transfers
[    1.753882] pci 0000:00:01.0: Activating ISA DMA hang workarounds
[    1.762960] Unpacking initramfs...
[    2.448637] Freeing initrd memory: 14888K
[    2.452856] RAPL PMU detected, API unit is 2^-32 Joules, 3 fixed counters 10737418240 ms ovfl timer
[    2.467380] hw unit of domain pp0-core 2^-0 Joules
[    2.471660] hw unit of domain package 2^-0 Joules
[    2.476283] hw unit of domain pp1-gpu 2^-0 Joules
[    2.482043] clocksource: tsc: mask: 0xffffffffffffffff max_cycles: 0x25648f186d5, max_idle_ns: 440795280776 ns
[    2.490180] platform rtc_cmos: registered platform RTC device (no PNP device found)
[    2.498358] Scanning for low memory corruption every 60 seconds
[    2.503569] audit: initializing netlink subsys (disabled)
[    2.508102] audit: type=2000 audit(1654003167.852:1): initialized
[    2.512172] Initialise system trusted keyring
[    2.515504] HugeTLB registered 2 MB page size, pre-allocated 0 pages
[    2.523909] zbud: loaded
[    2.526640] VFS: Disk quotas dquot_6.6.0
[    2.528948] VFS: Dquot-cache hash table entries: 512 (order 0, 4096 bytes)
[    2.533774] squashfs: version 4.0 (2009/01/31) Phillip Lougher
[    2.538261] fuse init (API version 7.23)
[    2.541111] Key type big_key registered
[    2.543479] Allocating IMA MOK and blacklist keyrings.
[    2.547371] Key type asymmetric registered
[    2.549835] Asymmetric key parser 'x509' registered
[    2.553005] Block layer SCSI generic (bsg) driver version 0.4 loaded (major 249)
[    2.558670] io scheduler noop registered
[    2.561130] io scheduler deadline registered (default)
[    2.563899] io scheduler cfq registered
[    2.567101] pci_hotplug: PCI Hot Plug PCI Core version: 0.5
[    2.570370] pciehp: PCI Express Hot Plug Controller Driver version: 0.4
[    2.576967] ACPI: AC Adapter [AC] (on-line)
[    2.580375] input: Power Button as /devices/LNXSYSTM:00/LNXPWRBN:00/input/input0
[    2.584647] ACPI: Power Button [PWRF]
[    2.586631] input: Sleep Button as /devices/LNXSYSTM:00/LNXSLPBN:00/input/input1
[    2.593395] ACPI: Sleep Button [SLPF]
[    2.597882] ACPI: Battery Slot [BAT0] (battery present)
[    2.601015] GHES: HEST is not enabled!
[    2.603650] Serial: 8250/16550 driver, 32 ports, IRQ sharing enabled
[    2.631827] 00:02: ttyS0 at I/O 0x3f8 (irq = 4, base_baud = 115200) is a 16550A
[    2.639580] Linux agpgart interface v0.103
[    2.645532] loop: module loaded
[    2.649292] scsi host0: ata_piix
[    2.651796] scsi host1: ata_piix
[    2.653876] ata1: PATA max UDMA/33 cmd 0x1f0 ctl 0x3f6 bmdma 0xd000 irq 14
[    2.658215] ata2: PATA max UDMA/33 cmd 0x170 ctl 0x376 bmdma 0xd008 irq 15
[    2.663227] libphy: Fixed MDIO Bus: probed
[    2.665945] tun: Universal TUN/TAP device driver, 1.6
[    2.668853] tun: (C) 1999-2004 Max Krasnyansky <maxk@qualcomm.com>
[    2.673418] PPP generic driver version 2.4.2
[    2.676692] ehci_hcd: USB 2.0 'Enhanced' Host Controller (EHCI) Driver
[    2.679785] ehci-pci: EHCI PCI platform driver
[    2.682121] ehci-platform: EHCI generic platform driver
[    2.685439] ohci_hcd: USB 1.1 'Open' Host Controller (OHCI) Driver
[    2.688739] ohci-pci: OHCI PCI platform driver
[    2.692063] ohci-platform: OHCI generic platform driver
[    2.694657] uhci_hcd: USB Universal Host Controller Interface driver
[    2.697709] i8042: PNP: PS/2 Controller [PNP0303:PS2K,PNP0f03:PS2M] at 0x60,0x64 irq 1,12
[    2.709397] serio: i8042 KBD port at 0x60,0x64 irq 1
[    2.712908] serio: i8042 AUX port at 0x60,0x64 irq 12
[    2.716705] mousedev: PS/2 mouse device common for all mice
[    2.721428] input: AT Translated Set 2 keyboard as /devices/platform/i8042/serio0/input/input2
[    2.727648] rtc_cmos rtc_cmos: rtc core: registered rtc_cmos as rtc0
[    2.732200] rtc_cmos rtc_cmos: alarms up to one day, 114 bytes nvram
[    2.735560] i2c /dev entries driver
[    2.740876] device-mapper: uevent: version 1.0.3
[    2.743657] device-mapper: ioctl: 4.34.0-ioctl (2015-10-28) initialised: dm-devel@redhat.com
[    2.747681] ledtrig-cpu: registered to indicate activity on CPUs
[    2.751933] NET: Registered protocol family 10
[    2.756431] NET: Registered protocol family 17
[    2.759468] Key type dns_resolver registered
[    2.762876] registered taskstats version 1
[    2.765931] Loading compiled-in X.509 certificates
[    2.771295] Loaded X.509 cert 'Build time autogenerated kernel key: cf00e047681d67edb2720680708b7d9498083038'
[    2.777822] zswap: loaded using pool lzo/zbud
[    2.784416] Key type trusted registered
[    2.796802] Key type encrypted registered
[    2.799235] AppArmor: AppArmor sha1 policy hashing enabled
[    2.804141] ima: No TPM chip found, activating TPM-bypass!
[    2.808336] ima: Allocated hash algorithm: sha1
[    2.812469] evm: HMAC attrs: 0x1
[    2.815663]   Magic number: 6:972:332
[    2.818170] tty tty53: hash matches
[    2.822341] rtc_cmos rtc_cmos: setting system clock to 2022-05-31 13:19:21 UTC (1654003161)
[    2.827779] BIOS EDD facility v0.16 2004-Jun-25, 0 devices found
[    2.830627] EDD information not available.
[    2.839259] Freeing unused kernel memory: 1492K
[    2.841314] Write protecting the kernel read-only data: 14336k
[    2.845538] Freeing unused kernel memory: 1584K
[    2.849116] Freeing unused kernel memory: 52K
Loading, please wait...
starting version 229
[    2.894680] random: systemd-udevd: uninitialized urandom read (16 bytes read, 3 bits of entropy available)
[    2.896416] random: udevadm: uninitialized urandom read (16 bytes read, 3 bits of entropy available)
[    2.896458] random: udevadm: uninitialized urandom read (16 bytes read, 3 bits of entropy available)
[    2.927639] random: systemd-udevd: uninitialized urandom read (16 bytes read, 3 bits of entropy available)
[    2.934092] random: systemd-udevd: uninitialized urandom read (16 bytes read, 3 bits of entropy available)
[    2.945135] random: systemd-udevd: uninitialized urandom read (16 bytes read, 3 bits of entropy available)
[    2.961378] random: udevadm: uninitialized urandom read (16 bytes read, 3 bits of entropy available)
[    2.961577] random: systemd-udevd: uninitialized urandom read (16 bytes read, 3 bits of entropy available)
[    2.961614] random: systemd-udevd: uninitialized urandom read (16 bytes read, 3 bits of entropy available)
[    2.961631] random: systemd-udevd: uninitialized urandom read (16 bytes read, 3 bits of entropy available)
[    3.173776] Fusion MPT base driver 3.04.20
[    3.176990] Copyright (c) 1999-2008 LSI Corporation
[    3.209701] e1000: Intel(R) PRO/1000 Network Driver - version 7.3.21-k8-NAPI
[    3.216623] e1000: Copyright (c) 1999-2006 Intel Corporation.
[    3.240487] Fusion MPT SPI Host driver 3.04.20
[    3.270553] AVX version of gcm_enc/dec engaged.
[    3.273864] AES CTR mode by8 optimization enabled
[    3.410363] input: ImExPS/2 Generic Explorer Mouse as /devices/platform/i8042/serio1/input/input4
[    3.932779] e1000 0000:00:03.0 eth0: (PCI:33MHz:32-bit) 02:be:82:6b:cc:1d
[    3.938960] e1000 0000:00:03.0 eth0: Intel(R) PRO/1000 Network Connection
[    4.578960] e1000 0000:00:08.0 eth1: (PCI:33MHz:32-bit) 08:00:27:d0:98:2f
[    4.582918] e1000 0000:00:08.0 eth1: Intel(R) PRO/1000 Network Connection
[    4.590413] e1000 0000:00:08.0 enp0s8: renamed from eth1
[    4.594547] mptbase: ioc0: Initiating bringup
[    4.607096] e1000 0000:00:03.0 enp0s3: renamed from eth0
[    4.679052] ioc0: LSI53C1030 A0: Capabilities={Initiator}
[    4.993875] scsi host2: ioc0: LSI53C1030 A0, FwRev=00000000h, Ports=1, MaxQ=256, IRQ=20
[    5.441408] scsi 2:0:0:0: Direct-Access     VBOX     HARDDISK         1.0  PQ: 0 ANSI: 5
[    5.510013] scsi target2:0:0: Beginning Domain Validation
[    5.518424] scsi target2:0:0: Domain Validation skipping write tests
[    5.522104] scsi target2:0:0: Ending Domain Validation
[    5.526831] scsi target2:0:0: asynchronous
[    5.531437] scsi 2:0:1:0: Direct-Access     VBOX     HARDDISK         1.0  PQ: 0 ANSI: 5
[    5.539626] scsi target2:0:1: Beginning Domain Validation
[    5.544849] scsi target2:0:1: Domain Validation skipping write tests
[    5.547922] scsi target2:0:1: Ending Domain Validation
[    5.552010] scsi target2:0:1: asynchronous
[    5.568822] sd 2:0:0:0: Attached scsi generic sg0 type 0
[    5.572135] sd 2:0:0:0: [sda] 83886080 512-byte logical blocks: (42.9 GB/40.0 GiB)
[    5.573037] sd 2:0:1:0: [sdb] 20480 512-byte logical blocks: (10.5 MB/10.0 MiB)
[    5.573443] sd 2:0:1:0: [sdb] Write Protect is off
[    5.573633] sd 2:0:1:0: [sdb] Incomplete mode parameter data
[    5.573637] sd 2:0:1:0: [sdb] Assuming drive cache: write through
[    5.574971] sd 2:0:1:0: Attached scsi generic sg1 type 0
[    5.593867] sd 2:0:0:0: [sda] Write Protect is off
[    5.600635] sd 2:0:1:0: [sdb] Attached SCSI disk
[    5.606899] sd 2:0:0:0: [sda] Incomplete mode parameter data
[    5.609675] sd 2:0:0:0: [sda] Assuming drive cache: write through
[    5.618029]  sda: sda1
[    5.623891] sd 2:0:0:0: [sda] Attached SCSI disk
Begin: Loading essential drivers ... [    8.319687] md: linear personality registered for level -1
[    8.328816] md: multipath personality registered for level -4
[    8.337522] md: raid0 personality registered for level 0
[    8.354429] md: raid1 personality registered for level 1
[    8.435282] raid6: sse2x1   gen()  1196 MB/s
[    8.510574] raid6: sse2x1   xor()   915 MB/s
[    8.578713] raid6: sse2x2   gen()  2625 MB/s
[    8.647163] raid6: sse2x2   xor()  1264 MB/s
[    8.722823] raid6: sse2x4   gen()  3909 MB/s
[    8.795133] raid6: sse2x4   xor()  2635 MB/s
[    8.798580] raid6: using algorithm sse2x4 gen() 3909 MB/s
[    8.803259] raid6: .... xor() 2635 MB/s, rmw enabled
[    8.806131] raid6: using ssse3x2 recovery algorithm
[    8.815333] xor: automatically using best checksumming function:
[    8.855439]    avx       : 14312.000 MB/sec
[    8.865262] async_tx: api initialized (async)
[    8.898146] md: raid6 personality registered for level 6
[    8.901758] md: raid5 personality registered for level 5
[    8.904940] md: raid4 personality registered for level 4
[    8.926967] md: raid10 personality registered for level 10
done.
Begin: Running /scripts/init-premount ... done.
Begin: Mounting root file system ... Begin: Running /scripts/local-top ... done.
Begin: Running /scripts/local-premount ... [    9.026134] Btrfs loaded
Scanning for Btrfs filesystems
done.
Warning: fsck not present, so skipping root file system
[    9.108640] EXT4-fs (sda1): INFO: recovery required on readonly filesystem
[    9.114310] EXT4-fs (sda1): write access will be enabled during recovery
[    9.314297] EXT4-fs (sda1): recovery complete
[    9.318441] EXT4-fs (sda1): mounted filesystem with ordered data mode. Opts: (null)
done.
Begin: Running /scripts/local-bottom ... done.
Begin: Running /scripts/init-bottom ... done.
[    9.584765] systemd[1]: systemd 229 running in system mode. (+PAM +AUDIT +SELINUX +IMA +APPARMOR +SMACK +SYSVINIT +UTMP +LIBCRYPTSETUP +GCRYPT +GNUTLS +ACL +XZ -LZ4 +SECCOMP +BLKID +ELFUTILS +KMOD -IDN)
[    9.603546] systemd[1]: Detected virtualization oracle.
[    9.608173] systemd[1]: Detected architecture x86-64.

Welcome to [1mUbuntu 16.04.7 LTS[0m!

[    9.616031] systemd[1]: Set hostname to <ubuntu-xenial>.
[   10.010930] systemd[1]: Reached target Encrypted Volumes.
[[0;32m  OK  [0m] Reached target Encrypted Volumes.
[   10.023528] systemd[1]: Reached target Swap.
[[0;32m  OK  [0m] Reached target Swap.
[   10.028304] systemd[1]: Listening on LVM2 poll daemon socket.
[[0;32m  OK  [0m] Listening on LVM2 poll daemon socket.
[   10.035647] systemd[1]: Reached target User and Group Name Lookups.
[[0;32m  OK  [0m] Reached target User and Group Name Lookups.
[   10.052037] systemd[1]: Listening on /dev/initctl Compatibility Named Pipe.
[[0;32m  OK  [0m] Listening on /dev/initctl Compatibility Named Pipe.
[   10.061001] systemd[1]: Created slice User and Session Slice.
[[0;32m  OK  [0m] Created slice User and Session Slice.
[   10.070030] systemd[1]: Listening on udev Kernel Socket.
[[0;32m  OK  [0m] Listening on udev Kernel Socket.
[   10.078119] systemd[1]: Listening on Device-mapper event daemon FIFOs.
[[0;32m  OK  [0m] Listening on Device-mapper event daemon FIFOs.
[   10.084345] systemd[1]: Listening on Journal Socket.
[[0;32m  OK  [0m] Listening on Journal Socket.
[   10.099758] systemd[1]: Set up automount Arbitrary Executable File Formats File System Automount Point.
[[0;32m  OK  [0m] Set up automount Arbitrary Executab...ats File System Automount Point.
[   10.112191] systemd[1]: Listening on Journal Audit Socket.
[[0;32m  OK  [0m] Listening on Journal Audit Socket.
[   10.120721] systemd[1]: Listening on fsck to fsckd communication Socket.
[[0;32m  OK  [0m] Listening on fsck to fsckd communication Socket.
[   10.130242] systemd[1]: Created slice System Slice.
[[0;32m  OK  [0m] Created slice System Slice.
[   10.150931] systemd[1]: Starting Uncomplicated firewall...
         Starting Uncomplicated firewall...
[   10.160973] systemd[1]: Mounting POSIX Message Queue File System...
         Mounting POSIX Message Queue File System...
[   10.174243] systemd[1]: Starting Nameserver information manager...
         Starting Nameserver information manager...
[   10.185981] systemd[1]: Reached target Slices.
[[0;32m  OK  [0m] Reached target Slices.
[   10.207471] systemd[1]: Starting File System Check on Root Device...
         Starting File System Check on Root Device...
[   10.218403] systemd[1]: Listening on LVM2 metadata daemon socket.
[[0;32m  OK  [0m] Listening on LVM2 metadata daemon socket.
[   10.230681] systemd[1]: Mounting Debug File System...
         Mounting Debug File System...
[   10.246756] systemd[1]: Started Forward Password Requests to Wall Directory Watch.
[[0;32m  OK  [0m] Started Forward Password Requests to Wall Directory Watch.
[   10.265082] systemd[1]: Starting Create list of required static device nodes for the current kernel...
         Starting Create list of required st... nodes for the current kernel...
[   10.283127] systemd[1]: Starting Monitoring of LVM2 mirrors, snapshots etc. using dmeventd or progress polling...
         Starting Monitoring of LVM2 mirrors... dmeventd or progress polling...
[   10.308289] systemd[1]: Created slice system-serial\x2dgetty.slice.
[[0;32m  OK  [0m] Created slice system-serial\x2dgetty.slice.
[   10.315233] systemd[1]: Started Trigger resolvconf update for networkd DNS.
[[0;32m  OK  [0m] Started Trigger resolvconf update for networkd DNS.
[   10.327827] systemd[1]: Listening on Journal Socket (/dev/log).
[[0;32m  OK  [0m] Listening on Journal Socket (/dev/log).
[   10.352996] systemd[1]: Starting Load Kernel Modules...
         Starting Load Kernel Modules...
[   10.369133] systemd[1]: Listening on udev Control Socket.
[[0;32m  OK  [0m] Listening on udev Control Socket.
[   10.380773] Loading iSCSI transport class v2.0-870.
[   10.381084] systemd[1]: Listening on Syslog Socket.
[[0;32m  OK  [0m] Listening on Syslog Socket.
[   10.390354] random: nonblocking pool is initialized
[   10.393793] systemd[1]: Starting Journal Service...
         Starting Journal Service...
[   10.404968] systemd[1]: Starting Set console keymap...
         Starting Set console keymap...
[   10.415115] systemd[1]: Reached target System Time Synchronized.
[[0;32m  OK  [0m] Reached target System Time Synchronized.
[   10.522395] systemd[1]: Mounting Huge Pages File System...
         Mounting Huge Pages File System...
[   10.546065] iscsi: registered transport (tcp)
[   10.569431] systemd[1]: Mounted Huge Pages File System.
[[0;32m  OK  [0m] Mounted Huge Pages File System.
[   10.592170] systemd[1]: Mounted POSIX Message Queue File System.
[[0;32m  OK  [0m] Mounted POSIX Message Queue File System.
[   10.604732] systemd[1]: Mounted Debug File System.
[[0;32m  OK  [0m] Mounted Debug File System.
[   10.625906] systemd[1]: Started Uncomplicated firewall.
[[0;32m  OK  [0m] Started Uncomplicated firewall.
[   10.657564] systemd[1]: Started File System Check on Root Device.
[[0;32m  OK  [0m] Started File System Check on Root Device.
[   10.679092] systemd[1]: Started Create list of required static device nodes for the current kernel.
[[0;32m  OK  [0m] Started Create list of required sta...ce nodes for the current kernel.
[   10.727280] systemd[1]: Started Nameserver information manager.
[[0;32m  OK  [0m] Started Nameserver information manager.
[   10.755861] systemd[1]: Started Journal Service.
[[0;32m  OK  [0m] Started Journal Service.
[   10.816663] iscsi: registered transport (iser)
[[0;32m  OK  [0m] Started LVM2 metadata daemon.
[[0;32m  OK  [0m] Started File System Check Daemon to report status.
         Starting Create Static Device Nodes in /dev...
         Starting Remount Root and Kernel File Systems...
[[0;32m  OK  [0m] Started Load Kernel Modules.
         Mounting FUSE Control File System...
         Starting Apply Kernel Variables...
[   10.943490] EXT4-fs (sda1): re-mounted. Opts: (null)
[[0;32m  OK  [0m] Mounted FUSE Control File System.
[[0;32m  OK  [0m] Started Remount Root and Kernel File Systems.
         Starting Flush Journal to Persistent Storage...
         Starting udev Coldplug all Devices...
         Starting Load/Save Random Seed...
[[0;32m  OK  [0m] Started Apply Kernel Variables.
[[0;32m  OK  [0m] Started Create Static Device Nodes in /dev.
[[0;32m  OK  [0m] Started Load/Save Random Seed.
         Starting udev Kernel Device Manager...
[[0;32m  OK  [0m] Started Flush Journal to Persistent Storage.
[[0;32m  OK  [0m] Started Set console keymap.
[[0;32m  OK  [0m] Started Monitoring of LVM2 mirrors,...ng dmeventd or progress polling.
[[0;32m  OK  [0m] Reached target Local File Systems (Pre).
[[0;32m  OK  [0m] Reached target Local File Systems.
         Starting Create Volatile Files and Directories...
         Starting Set console font and keymap...
         Starting LSB: AppArmor initialization...
         Starting Initial cloud-init job (pre-networking)...
         Starting Tell Plymouth To Write Out Runtime Data...
[[0;32m  OK  [0m] Started udev Kernel Device Manager.
[[0;32m  OK  [0m] Started Tell Plymouth To Write Out Runtime Data.
[[0;32m  OK  [0m] Started Create Volatile Files and Directories.
         Starting Update UTMP about System Boot/Shutdown...
[[0;32m  OK  [0m] Started Update UTMP about System Boot/Shutdown.
[[0;32m  OK  [0m] Started udev Coldplug all Devices.
[[0;32m  OK  [0m] Started Dispatch Password Requests to Console Directory Watch.
[[0;32m  OK  [0m] Started LSB: AppArmor initialization.
         Starting Load AppArmor profiles managed internally by snapd...
[[0;32m  OK  [0m] Started Load AppArmor profiles managed internally by snapd.
[[0;32m  OK  [0m] Found device /dev/ttyS0.
[[0;32m  OK  [0m] Listening on Load/Save RF Kill Switch Status /dev/rfkill Watch.
[[0;32m  OK  [0m] Found device 82540EM Gigabit Ethern...r (PRO/1000 MT Desktop Adapter).
[   16.176795] cloud-init[505]: Cloud-init v. 21.1-19-gbad84ad4-0ubuntu1~16.04.2 running 'init-local' at Tue, 31 May 2022 13:19:34 +0000. Up 14.87 seconds.
[[0;32m  OK  [0m] Started Set console font and keymap.
[[0;32m  OK  [0m] Found device 82540EM Gigabit Ethern...r (PRO/1000 MT Desktop Adapter).
[[0;32m  OK  [0m] Started Initial cloud-init job (pre-networking).
[[0;32m  OK  [0m] Reached target Network (Pre).
[[0;32m  OK  [0m] Started ifup for enp0s8.
         Starting Raise network interfaces...
[[0;32m  OK  [0m] Started ifup for enp0s3.
[[0;32m  OK  [0m] Created slice system-getty.slice.
[[0;32m  OK  [0m] Started Raise network interfaces.
[[0;32m  OK  [0m] Reached target Network.
         Starting Initial cloud-init job (metadata service crawler)...
[   21.173617] cloud-init[1089]: Cloud-init v. 21.1-19-gbad84ad4-0ubuntu1~16.04.2 running 'init' at Tue, 31 May 2022 13:19:39 +0000. Up 20.04 seconds.
[   21.178655] cloud-init[1089]: ci-info: ++++++++++++++++++++++++++++++++++++++Net device info+++++++++++++++++++++++++++++++++++++++
[   21.184463] cloud-init[1089]: ci-info: +--------+------+-----------------------------+---------------+--------+-------------------+
[   21.193247] cloud-init[1089]: ci-info: | Device |  Up  |           Address           |      Mask     | Scope  |     Hw-Address    |
[   21.201285] cloud-init[1089]: ci-info: +--------+------+-----------------------------+---------------+--------+-------------------+
[   21.207173] cloud-init[1089]: ci-info: | enp0s3 | True |          10.0.2.15          | 255.255.255.0 | global | 02:be:82:6b:cc:1d |
[   21.212596] cloud-init[1089]: ci-info: | enp0s3 | True |  fe80::be:82ff:fe6b:cc1d/64 |       .       |  link  | 02:be:82:6b:cc:1d |
[   21.217642] cloud-init[1089]: ci-info: | enp0s8 | True |        192.168.10.100       | 255.255.255.0 | global | 08:00:27:d0:98:2f |
[   21.230536] cloud-init[1089]: ci-info: | enp0s8 | True | fe80::a00:27ff:fed0:982f/64 |       .       |  link  | 08:00:27:d0:98:2f |
[   21.236309] cloud-init[1089]: ci-info: |   lo   | True |          127.0.0.1          |   255.0.0.0   |  host  |         .         |
[   21.243409] cloud-init[1089]: ci-info: |   lo   | True |           ::1/128           |       .       |  host  |         .         |
[   21.248355] cloud-init[1089]: ci-info: +--------+------+-----------------------------+---------------+--------+-------------------+
[   21.254754] cloud-init[1089]: ci-info: ++++++++++++++++++++++++++++Route IPv4 info++++++++++++++++++++++++++++
[   21.260506] cloud-init[1089]: ci-info: +-------+--------------+----------+---------------+-----------+-------+
[   21.265595] cloud-init[1089]: ci-info: | Route | Destination  | Gateway  |    Genmask    | Interface | Flags |
[   21.273282] cloud-init[1089]: ci-info: +-------+--------------+----------+---------------+-----------+-------+
[   21.279422] cloud-init[1089]: ci-info: |   0   |   0.0.0.0    | 10.0.2.2 |    0.0.0.0    |   enp0s3  |   UG  |
[   21.297022] cloud-init[1089]: ci-info: |   1   |   10.0.2.0   | 0.0.0.0  | 255.255.255.0 |   enp0s3  |   U   |
[   21.302034] cloud-init[1089]: ci-info: |   2   | 192.168.10.0 | 0.0.0.0  | 255.255.255.0 |   enp0s8  |   U   |
[   21.313314] cloud-init[1089]: ci-info: +-------+--------------+----------+---------------+-----------+-------+
[   21.317359] cloud-init[1089]: ci-info: +++++++++++++++++++Route IPv6 info+++++++++++++++++++
[   21.324662] cloud-init[1089]: ci-info: +-------+-------------+---------+-----------+-------+
[   21.327230] cloud-init[1089]: ci-info: | Route | Destination | Gateway | Interface | Flags |
[   21.329822] cloud-init[1089]: ci-info: +-------+-------------+---------+-----------+-------+
[   21.344604] cloud-init[1089]: ci-info: |   0   |  fe80::/64  |    ::   |   enp0s8  |   U   |
[[0;32m  OK  [0m] Started Initial cloud-init job (metadata service crawler).
[   21.345371] cloud-init[1089]: ci-info: |   1   |  fe80::/64  |    ::   |   enp0s3  |   U   |
[   21.351384] cloud-init[1089]: ci-info: |   6   |   ff00::/8  |    ::   |   enp0s8  |   U   |
[   21.351701] cloud-init[1089]: ci-info: |   7   |   ff00::/8  |    ::   |   enp0s3  |   U   |
[[0;32m  OK  [0m] Reached target System Initialization.
[   21.359245] cloud-init[1089]: ci-info: +-------+-------------+---------+-----------+-------+
         Starting LXD - unix socket.
[[0;32m  OK  [0m] Started Ubuntu Advantage Timer for running repeated jobs.
[[0;32m  OK  [0m] Listening on UUID daemon activation socket.
         Starting Socket activation for snappy daemon.
[[0;32m  OK  [0m] Started Daily apt download activities.
[[0;32m  OK  [0m] Listening on ACPID Listen Socket.
[[0;32m  OK  [0m] Started Daily apt upgrade and clean activities.
[[0;32m  OK  [0m] Listening on D-Bus System Message Bus Socket.
[[0;32m  OK  [0m] Started Message of the Day.
[[0;32m  OK  [0m] Started Daily Cleanup of Temporary Directories.
[[0;32m  OK  [0m] Reached target Timers.
[[0;32m  OK  [0m] Started ACPI Events Check.
[[0;32m  OK  [0m] Started Trigger to poll for Ubuntu ...nly enabled on GCP LTS non-pro).
[[0;32m  OK  [0m] Reached target Paths.
[[0;32m  OK  [0m] Reached target Cloud-config availability.
[[0;32m  OK  [0m] Reached target Network is Online.
         Starting iSCSI initiator daemon (iscsid)...
[[0;32m  OK  [0m] Listening on LXD - unix socket.
[[0;32m  OK  [0m] Listening on Socket activation for snappy daemon.
[[0;32m  OK  [0m] Reached target Sockets.
[[0;32m  OK  [0m] Reached target Basic System.
         Starting LXD - container startup/shutdown...
         Starting LSB: MD monitoring daemon...
         Starting Accounts Service...
[[0;32m  OK  [0m] Started ACPI event daemon.
         Starting Snap Daemon...
[[0;32m  OK  [0m] Started FUSE filesystem for LXC.
         Starting Virtualbox guest utils...
         Starting /etc/rc.local Compatibility...
         Starting Login Service...
[[0;32m  OK  [0m] Started Regular background program processing daemon.
         Starting LSB: Record successful boot for GRUB...
         Starting OpenBSD Secure Shell server...
[[0;32m  OK  [0m] Started Deferred execution scheduler.
[[0;32m  OK  [0m] Started D-Bus System Message Bus.
         Starting A high performance web server and a reverse proxy server...
         Starting System Logging Service...
[[0;32m  OK  [0m] Started iSCSI initiator daemon (iscsid).
[[0;32m  OK  [0m] Started /etc/rc.local Compatibility.
[[0;32m  OK  [0m] Started System Logging Service.
[[0;32m  OK  [0m] Started OpenBSD Secure Shell server.
[[0;32m  OK  [0m] Started LXD - container startup/shutdown.
[[0;32m  OK  [0m] Started Login Service.
[[0;32m  OK  [0m] Started Unattended Upgrades Shutdown.
         Starting Authenticate and Authorize Users to Run Privileged Tasks...
         Starting Login to default iSCSI targets...
[[0;32m  OK  [0m] Started LSB: Record successful boot for GRUB.
[[0;32m  OK  [0m] Started LSB: MD monitoring daemon.
[[0;32m  OK  [0m] Started Login to default iSCSI targets.
[[0;32m  OK  [0m] Reached target Remote File Systems (Pre).
         Mounting /vagrant...
[[0;32m  OK  [0m] Started Authenticate and Authorize Users to Run Privileged Tasks.
[[0;1;31mFAILED[0m] Failed to mount /vagrant.
See 'systemctl status vagrant.mount' for details.
[[0;1;33mDEPEND[0m] Dependency failed for Remote File Systems.
         Starting LSB: automatic crash report generation...
         Starting Permit User Sessions...
         Starting LSB: Set the CPU Frequency Scaling governor to "ondemand"...
         Starting LSB: daemon to balance interrupts for SMP systems...
[[0;32m  OK  [0m] Started Permit User Sessions.
[[0;32m  OK  [0m] Started Accounts Service.
         Starting Hold until boot process finishes up...
         Starting Terminate Plymouth Boot Screen...
[[0;32m  OK  [0m] Started Hold until boot process finishes up.
[[0;32m  OK  [0m] Started Terminate Plymouth Boot Screen.
         Starting Set console scheme...
[[0;32m  OK  [0m] Started Serial Getty on ttyS0.
[[0;32m  OK  [0m] Started Getty on tty1.
[[0;32m  OK  [0m] Reached target Login Prompts.
[[0;32m  OK  [0m] Started Set console scheme.
[[0;32m  OK  [0m] Started A high performance web server and a reverse proxy server.
[[0;32m  OK  [0m] Started Virtualbox guest utils.
[[0;32m  OK  [0m] Started LSB: Set the CPU Frequency Scaling governor to "ondemand".
[[0;32m  OK  [0m] Started LSB: automatic crash report generation.
[[0;32m  OK  [0m] Started LSB: daemon to balance interrupts for SMP systems.
[[0;32m  OK  [0m] Started Snap Daemon.
         Starting Wait until snapd is fully seeded...
[[0;32m  OK  [0m] Started Wait until snapd is fully seeded.
[[0;32m  OK  [0m] Reached target Multi-User System.
[[0;32m  OK  [0m] Reached target Graphical Interface.
         Starting Update UTMP about System Runlevel Changes...
         Starting Apply the settings specified in cloud-config...
[[0;32m  OK  [0m] Started Update UTMP about System Runlevel Changes.
[[0;32m  OK  [0m] Created slice User Slice of vagrant.
         Starting User Manager for UID 1000...
[[0;32m  OK  [0m] Started Session 1 of user vagrant.
[[0;32m  OK  [0m] Started User Manager for UID 1000.
[   24.972626] cloud-init[1368]: Cloud-init v. 21.1-19-gbad84ad4-0ubuntu1~16.04.2 running 'modules:config' at Tue, 31 May 2022 13:19:44 +0000. Up 24.58 seconds.
[[0;32m  OK  [0m] Started Apply the settings specified in cloud-config.
         Starting Execute cloud user/final scripts...
[   26.783225] cloud-init[1452]: Cloud-init v. 21.1-19-gbad84ad4-0ubuntu1~16.04.2 running 'modules:final' at Tue, 31 May 2022 13:19:45 +0000. Up 26.27 seconds.
[   26.790473] cloud-init[1452]: Cloud-init v. 21.1-19-gbad84ad4-0ubuntu1~16.04.2 finished at Tue, 31 May 2022 13:19:46 +0000. Datasource DataSourceNoCloud [seed=/dev/sdb][dsmode=net].  Up 26.76 seconds
[[0;32m  OK  [0m] Started Execute cloud user/final scripts.
[[0;32m  OK  [0m] Reached target Cloud-init target.

Ubuntu 16.04.7 LTS ubuntu-xenial ttyS0

ubuntu-xenial login: 